#
# There is insufficient memory for the Java Runtime Environment to continue.
# Native memory allocation (malloc) failed to allocate 1048576 bytes for AllocateHeap
# Possible reasons:
#   The system is out of physical RAM or swap space
#   The process is running with CompressedOops enabled, and the Java Heap may be blocking the growth of the native heap
# Possible solutions:
#   Reduce memory load on the system
#   Increase physical memory or swap space
#   Check if swap backing store is full
#   Decrease Java heap size (-Xmx/-Xms)
#   Decrease number of Java threads
#   Decrease Java thread stack sizes (-Xss)
#   Set larger code cache with -XX:ReservedCodeCacheSize=
#   JVM is running with Unscaled Compressed Oops mode in which the Java heap is
#     placed in the first 4GB address space. The Java Heap base address is the
#     maximum limit for the native heap growth. Please use -XX:HeapBaseMinAddress
#     to set the Java Heap base and to place the Java Heap above 4GB virtual address.
# This output file may be truncated or incomplete.
#
#  Out of Memory Error (t:/workspace/open/src/hotspot/share/memory/allocation.cpp:46), pid=21964, tid=18456
#
# JRE version: Java(TM) SE Runtime Environment (12.0.2+10) (build 12.0.2+10)
# Java VM: Java HotSpot(TM) 64-Bit Server VM (12.0.2+10, mixed mode, sharing, tiered, compressed oops, g1 gc, windows-amd64)
# No core dump will be written. Minidumps are not enabled by default on client versions of Windows
#

---------------  S U M M A R Y ------------

Command Line: -Dfile.encoding=Cp1252 --module-path=C:\Users\krishann\OneDrive\Masters\Assaignment\11. ComparativeProgramming\Assesment 02\Platypus-Java\Assesment-02\bin;C:\Users\krishann\OneDrive\Masters\Assaignment\11. ComparativeProgramming\Assesment 02\Platypus-Java\.metadata\.plugins\java-json.jar -Djdk.module.main=platypusRestuarentModule platypusRestuarentModule/restuarentPlatypus.PlatypusTerminal

Host: Intel(R) Core(TM) i5 CPU       M 540  @ 2.53GHz, 4 cores, 3G,  Windows 10 , 64 bit Build 17763 (10.0.17763.1158)
Time: Tue May 26 12:54:08 2020 Cen. Australia Standard Time elapsed time: 0 seconds (0d 0h 0m 0s)

---------------  T H R E A D  ---------------

Current thread (0x000001dfa8dbd000):  VMThread "VM Thread" [stack: 0x000000d011500000,0x000000d011600000] [id=18456]

Stack: [0x000000d011500000,0x000000d011600000]
[error occurred during error reporting (printing stack bounds), id 0xc0000005, EXCEPTION_ACCESS_VIOLATION (0xc0000005) at pc=0x000001dfb28c0bbd]

Native frames: (J=compiled Java code, j=interpreted, Vv=VM code, C=native code)
V  [jvm.dll+0x63aa2a]
V  [jvm.dll+0x78ce1e]
V  [jvm.dll+0x78e4c1]
V  [jvm.dll+0x78ea75]
V  [jvm.dll+0x78ea2b]
V  [jvm.dll+0x63a134]
V  [jvm.dll+0x63a4f8]
C  [ntdll.dll+0xa479f]
C  [ntdll.dll+0x4bef]
C  [ntdll.dll+0xa350e]
C  0x000001dfb28c0bbd

VM_Operation (0x000000d010ffd4a0): CollectForMetadataAllocation, mode: safepoint, requested by thread 0x000001dfa8cea000


---------------  P R O C E S S  ---------------

Threads class SMR info:
_java_thread_list=0x000001dfc6a61390, length=8, elements={
0x000001dfa8cea000, 0x000001dfa8dbe800, 0x000001dfc6a47000, 0x000001dfc6a5f000,
0x000001dfc6a62000, 0x000001dfc6a64800, 0x000001dfc6a76000, 0x000001dfc6a9f000
}

Java Threads: ( => current thread )
  0x000001dfa8cea000 JavaThread "main" [_thread_blocked, id=8336, stack(0x000000d010f00000,0x000000d011000000)]
  0x000001dfa8dbe800 JavaThread "Reference Handler" daemon [_thread_blocked, id=12572, stack(0x000000d011600000,0x000000d011700000)]
  0x000001dfc6a47000 JavaThread "Finalizer" daemon [_thread_blocked, id=14100, stack(0x000000d011700000,0x000000d011800000)]
  0x000001dfc6a5f000 JavaThread "Signal Dispatcher" daemon [_thread_blocked, id=7556, stack(0x000000d011800000,0x000000d011900000)]
  0x000001dfc6a62000 JavaThread "Attach Listener" daemon [_thread_blocked, id=2364, stack(0x000000d011900000,0x000000d011a00000)]
  0x000001dfc6a64800 JavaThread "C2 CompilerThread0" daemon [_thread_blocked, id=15080, stack(0x000000d011a00000,0x000000d011b00000)]
  0x000001dfc6a76000 JavaThread "C1 CompilerThread0" daemon [_thread_blocked, id=13548, stack(0x000000d011b00000,0x000000d011c00000)]
  0x000001dfc6a9f000 JavaThread "Sweeper thread" daemon [_thread_blocked, id=16768, stack(0x000000d011c00000,0x000000d011d00000)]

Other Threads:
=>0x000001dfa8dbd000 VMThread "VM Thread" [stack: 0x000000d011500000,0x000000d011600000] [id=18456]
  0x000001dfa8d16800 GCTaskThread "GC Thread#0" [stack: 0x000000d011000000,0x000000d011100000] [id=16616]
  0x000001dfc6a3b800 GCTaskThread "GC Thread#1" [stack: 0x000000d011d00000,0x000000d011e00000] [id=16840]
  0x000001dfa8d20000 ConcurrentGCThread "G1 Main Marker" [stack: 0x000000d011100000,0x000000d011200000] [id=16468]
  0x000001dfa8d26800 ConcurrentGCThread "G1 Conc#0" [stack: 0x000000d011200000,0x000000d011300000] [id=10024]
  0x000001dfa8d7f800 ConcurrentGCThread "G1 Refine#0" [stack: 0x000000d011300000,0x000000d011400000] [id=20944]
  0x000001dfa8d82000 ConcurrentGCThread "G1 Young RemSet Sampling" [stack: 0x000000d011400000,0x000000d011500000] [id=16480]

Threads with active compile tasks:

VM state:at safepoint (normal execution)

VM Mutex/Monitor currently owned by a thread:  ([mutex/lock_event])
[0x000001dfa8ce6430] Threads_lock - owner thread: 0x000001dfa8dbd000
[0x000001dfa8ce5f20] Heap_lock - owner thread: 0x000001dfa8cea000

Heap address: 0x00000000c1200000, size: 1006 MB, Compressed Oops mode: 32-bit
Narrow klass base: 0x0000000800000000, Narrow klass shift: 3
Compressed class space size: 1073741824 Address: 0x0000000801190000

Heap:
 garbage-first heap   total 65536K, used 520K [0x00000000c1200000, 0x0000000100000000)
  region size 1024K, 1 young (1024K), 1 survivors (1024K)
 Metaspace       used 250K, capacity 4482K, committed 4736K, reserved 1064960K
  class space    used 20K, capacity 384K, committed 384K, reserved 1048576K
Heap Regions: E=young(eden), S=young(survivor), O=old, HS=humongous(starts), HC=humongous(continues), CS=collection set, F=free, A=archive, TAMS=top-at-mark-start (previous, next)
|   0|0x00000000c1200000, 0x00000000c1200000, 0x00000000c1300000|  0%| F|  |TAMS 0x00000000c1200000, 0x00000000c1200000| Untracked 
|   1|0x00000000c1300000, 0x00000000c1300000, 0x00000000c1400000|  0%| F|  |TAMS 0x00000000c1300000, 0x00000000c1300000| Untracked 
|   2|0x00000000c1400000, 0x00000000c1400000, 0x00000000c1500000|  0%| F|  |TAMS 0x00000000c1400000, 0x00000000c1400000| Untracked 
|   3|0x00000000c1500000, 0x00000000c1500000, 0x00000000c1600000|  0%| F|  |TAMS 0x00000000c1500000, 0x00000000c1500000| Untracked 
|   4|0x00000000c1600000, 0x00000000c1600000, 0x00000000c1700000|  0%| F|  |TAMS 0x00000000c1600000, 0x00000000c1600000| Untracked 
|   5|0x00000000c1700000, 0x00000000c1700000, 0x00000000c1800000|  0%| F|  |TAMS 0x00000000c1700000, 0x00000000c1700000| Untracked 
|   6|0x00000000c1800000, 0x00000000c1800000, 0x00000000c1900000|  0%| F|  |TAMS 0x00000000c1800000, 0x00000000c1800000| Untracked 
|   7|0x00000000c1900000, 0x00000000c1900000, 0x00000000c1a00000|  0%| F|  |TAMS 0x00000000c1900000, 0x00000000c1900000| Untracked 
|   8|0x00000000c1a00000, 0x00000000c1a00000, 0x00000000c1b00000|  0%| F|  |TAMS 0x00000000c1a00000, 0x00000000c1a00000| Untracked 
|   9|0x00000000c1b00000, 0x00000000c1b00000, 0x00000000c1c00000|  0%| F|  |TAMS 0x00000000c1b00000, 0x00000000c1b00000| Untracked 
|  10|0x00000000c1c00000, 0x00000000c1c00000, 0x00000000c1d00000|  0%| F|  |TAMS 0x00000000c1c00000, 0x00000000c1c00000| Untracked 
|  11|0x00000000c1d00000, 0x00000000c1d00000, 0x00000000c1e00000|  0%| F|  |TAMS 0x00000000c1d00000, 0x00000000c1d00000| Untracked 
|  12|0x00000000c1e00000, 0x00000000c1e00000, 0x00000000c1f00000|  0%| F|  |TAMS 0x00000000c1e00000, 0x00000000c1e00000| Untracked 
|  13|0x00000000c1f00000, 0x00000000c1f00000, 0x00000000c2000000|  0%| F|  |TAMS 0x00000000c1f00000, 0x00000000c1f00000| Untracked 
|  14|0x00000000c2000000, 0x00000000c2000000, 0x00000000c2100000|  0%| F|  |TAMS 0x00000000c2000000, 0x00000000c2000000| Untracked 
|  15|0x00000000c2100000, 0x00000000c2100000, 0x00000000c2200000|  0%| F|  |TAMS 0x00000000c2100000, 0x00000000c2100000| Untracked 
|  16|0x00000000c2200000, 0x00000000c2200000, 0x00000000c2300000|  0%| F|  |TAMS 0x00000000c2200000, 0x00000000c2200000| Untracked 
|  17|0x00000000c2300000, 0x00000000c2300000, 0x00000000c2400000|  0%| F|  |TAMS 0x00000000c2300000, 0x00000000c2300000| Untracked 
|  18|0x00000000c2400000, 0x00000000c2400000, 0x00000000c2500000|  0%| F|  |TAMS 0x00000000c2400000, 0x00000000c2400000| Untracked 
|  19|0x00000000c2500000, 0x00000000c2500000, 0x00000000c2600000|  0%| F|  |TAMS 0x00000000c2500000, 0x00000000c2500000| Untracked 
|  20|0x00000000c2600000, 0x00000000c2600000, 0x00000000c2700000|  0%| F|  |TAMS 0x00000000c2600000, 0x00000000c2600000| Untracked 
|  21|0x00000000c2700000, 0x00000000c2700000, 0x00000000c2800000|  0%| F|  |TAMS 0x00000000c2700000, 0x00000000c2700000| Untracked 
|  22|0x00000000c2800000, 0x00000000c2800000, 0x00000000c2900000|  0%| F|  |TAMS 0x00000000c2800000, 0x00000000c2800000| Untracked 
|  23|0x00000000c2900000, 0x00000000c2900000, 0x00000000c2a00000|  0%| F|  |TAMS 0x00000000c2900000, 0x00000000c2900000| Untracked 
|  24|0x00000000c2a00000, 0x00000000c2a00000, 0x00000000c2b00000|  0%| F|  |TAMS 0x00000000c2a00000, 0x00000000c2a00000| Untracked 
|  25|0x00000000c2b00000, 0x00000000c2b00000, 0x00000000c2c00000|  0%| F|  |TAMS 0x00000000c2b00000, 0x00000000c2b00000| Untracked 
|  26|0x00000000c2c00000, 0x00000000c2c00000, 0x00000000c2d00000|  0%| F|  |TAMS 0x00000000c2c00000, 0x00000000c2c00000| Untracked 
|  27|0x00000000c2d00000, 0x00000000c2d00000, 0x00000000c2e00000|  0%| F|  |TAMS 0x00000000c2d00000, 0x00000000c2d00000| Untracked 
|  28|0x00000000c2e00000, 0x00000000c2e00000, 0x00000000c2f00000|  0%| F|  |TAMS 0x00000000c2e00000, 0x00000000c2e00000| Untracked 
|  29|0x00000000c2f00000, 0x00000000c2f00000, 0x00000000c3000000|  0%| F|  |TAMS 0x00000000c2f00000, 0x00000000c2f00000| Untracked 
|  30|0x00000000c3000000, 0x00000000c3000000, 0x00000000c3100000|  0%| F|  |TAMS 0x00000000c3000000, 0x00000000c3000000| Untracked 
|  31|0x00000000c3100000, 0x00000000c3100000, 0x00000000c3200000|  0%| F|  |TAMS 0x00000000c3100000, 0x00000000c3100000| Untracked 
|  32|0x00000000c3200000, 0x00000000c3200000, 0x00000000c3300000|  0%| F|  |TAMS 0x00000000c3200000, 0x00000000c3200000| Untracked 
|  33|0x00000000c3300000, 0x00000000c3300000, 0x00000000c3400000|  0%| F|  |TAMS 0x00000000c3300000, 0x00000000c3300000| Untracked 
|  34|0x00000000c3400000, 0x00000000c3400000, 0x00000000c3500000|  0%| F|  |TAMS 0x00000000c3400000, 0x00000000c3400000| Untracked 
|  35|0x00000000c3500000, 0x00000000c3500000, 0x00000000c3600000|  0%| F|  |TAMS 0x00000000c3500000, 0x00000000c3500000| Untracked 
|  36|0x00000000c3600000, 0x00000000c3600000, 0x00000000c3700000|  0%| F|  |TAMS 0x00000000c3600000, 0x00000000c3600000| Untracked 
|  37|0x00000000c3700000, 0x00000000c3700000, 0x00000000c3800000|  0%| F|  |TAMS 0x00000000c3700000, 0x00000000c3700000| Untracked 
|  38|0x00000000c3800000, 0x00000000c3800000, 0x00000000c3900000|  0%| F|  |TAMS 0x00000000c3800000, 0x00000000c3800000| Untracked 
|  39|0x00000000c3900000, 0x00000000c3900000, 0x00000000c3a00000|  0%| F|  |TAMS 0x00000000c3900000, 0x00000000c3900000| Untracked 
|  40|0x00000000c3a00000, 0x00000000c3a00000, 0x00000000c3b00000|  0%| F|  |TAMS 0x00000000c3a00000, 0x00000000c3a00000| Untracked 
|  41|0x00000000c3b00000, 0x00000000c3b00000, 0x00000000c3c00000|  0%| F|  |TAMS 0x00000000c3b00000, 0x00000000c3b00000| Untracked 
|  42|0x00000000c3c00000, 0x00000000c3c00000, 0x00000000c3d00000|  0%| F|  |TAMS 0x00000000c3c00000, 0x00000000c3c00000| Untracked 
|  43|0x00000000c3d00000, 0x00000000c3d00000, 0x00000000c3e00000|  0%| F|  |TAMS 0x00000000c3d00000, 0x00000000c3d00000| Untracked 
|  44|0x00000000c3e00000, 0x00000000c3e00000, 0x00000000c3f00000|  0%| F|  |TAMS 0x00000000c3e00000, 0x00000000c3e00000| Untracked 
|  45|0x00000000c3f00000, 0x00000000c3f00000, 0x00000000c4000000|  0%| F|  |TAMS 0x00000000c3f00000, 0x00000000c3f00000| Untracked 
|  46|0x00000000c4000000, 0x00000000c4000000, 0x00000000c4100000|  0%| F|  |TAMS 0x00000000c4000000, 0x00000000c4000000| Untracked 
|  47|0x00000000c4100000, 0x00000000c4100000, 0x00000000c4200000|  0%| F|  |TAMS 0x00000000c4100000, 0x00000000c4100000| Untracked 
|  48|0x00000000c4200000, 0x00000000c4200000, 0x00000000c4300000|  0%| F|  |TAMS 0x00000000c4200000, 0x00000000c4200000| Untracked 
|  49|0x00000000c4300000, 0x00000000c4300000, 0x00000000c4400000|  0%| F|  |TAMS 0x00000000c4300000, 0x00000000c4300000| Untracked 
|  50|0x00000000c4400000, 0x00000000c4400000, 0x00000000c4500000|  0%| F|  |TAMS 0x00000000c4400000, 0x00000000c4400000| Untracked 
|  51|0x00000000c4500000, 0x00000000c4500000, 0x00000000c4600000|  0%| F|  |TAMS 0x00000000c4500000, 0x00000000c4500000| Untracked 
|  52|0x00000000c4600000, 0x00000000c4600000, 0x00000000c4700000|  0%| F|  |TAMS 0x00000000c4600000, 0x00000000c4600000| Untracked 
|  53|0x00000000c4700000, 0x00000000c4700000, 0x00000000c4800000|  0%| F|  |TAMS 0x00000000c4700000, 0x00000000c4700000| Untracked 
|  54|0x00000000c4800000, 0x00000000c4800000, 0x00000000c4900000|  0%| F|  |TAMS 0x00000000c4800000, 0x00000000c4800000| Untracked 
|  55|0x00000000c4900000, 0x00000000c4900000, 0x00000000c4a00000|  0%| F|  |TAMS 0x00000000c4900000, 0x00000000c4900000| Untracked 
|  56|0x00000000c4a00000, 0x00000000c4a00000, 0x00000000c4b00000|  0%| F|  |TAMS 0x00000000c4a00000, 0x00000000c4a00000| Untracked 
|  57|0x00000000c4b00000, 0x00000000c4b00000, 0x00000000c4c00000|  0%| F|  |TAMS 0x00000000c4b00000, 0x00000000c4b00000| Untracked 
|  58|0x00000000c4c00000, 0x00000000c4c00000, 0x00000000c4d00000|  0%| F|  |TAMS 0x00000000c4c00000, 0x00000000c4c00000| Untracked 
|  59|0x00000000c4d00000, 0x00000000c4d00000, 0x00000000c4e00000|  0%| F|  |TAMS 0x00000000c4d00000, 0x00000000c4d00000| Untracked 
|  60|0x00000000c4e00000, 0x00000000c4e00000, 0x00000000c4f00000|  0%| F|  |TAMS 0x00000000c4e00000, 0x00000000c4e00000| Untracked 
|  61|0x00000000c4f00000, 0x00000000c4f00000, 0x00000000c5000000|  0%| F|  |TAMS 0x00000000c4f00000, 0x00000000c4f00000| Untracked 
|  62|0x00000000c5000000, 0x00000000c5082050, 0x00000000c5100000| 50%| S|CS|TAMS 0x00000000c5000000, 0x00000000c5000000| Complete 
|  63|0x00000000c5100000, 0x00000000c5100000, 0x00000000c5200000|  0%| F|  |TAMS 0x00000000c5100000, 0x00000000c5100000| Untracked 

Card table byte_map: [0x000001dfc20f0000,0x000001dfc22f0000] _byte_map_base: 0x000001dfc1ae7000

Marking Bits (Prev, Next): (CMBitMap*) 0x000001dfa8d17948, (CMBitMap*) 0x000001dfa8d17988
 Prev Bits: [0x000001dfc24f0000, 0x000001dfc34a8000)
 Next Bits: [0x000001dfc34b0000, 0x000001dfc4468000)

Polling page: 0x000001dfa8dc0000

Metaspace:

Usage:
  Non-class:      4.00 MB capacity,   229.35 KB (  6%) used,     3.78 MB ( 94%) free+waste,   192 bytes ( <1%) overhead. 
      Class:    384.00 KB capacity,    20.95 KB (  5%) used,   362.98 KB ( 95%) free+waste,    64 bytes ( <1%) overhead. 
       Both:      4.38 MB capacity,   250.30 KB (  6%) used,     4.13 MB ( 94%) free+waste,   256 bytes ( <1%) overhead. 

Virtual space:
  Non-class space:       16.00 MB reserved,       4.25 MB ( 27%) committed 
      Class space:        1.00 GB reserved,     384.00 KB ( <1%) committed 
             Both:        1.02 GB reserved,       4.63 MB ( <1%) committed 

Chunk freelists:
   Non-Class:  0 bytes
       Class:  0 bytes
        Both:  0 bytes

CodeHeap 'non-profiled nmethods': size=120064Kb used=8Kb max_used=8Kb free=120055Kb
 bounds [0x000001dfba380000, 0x000001dfba5f0000, 0x000001dfc18c0000]
CodeHeap 'profiled nmethods': size=120000Kb used=52Kb max_used=52Kb free=119947Kb
 bounds [0x000001dfb2e50000, 0x000001dfb30c0000, 0x000001dfba380000]
CodeHeap 'non-nmethods': size=5696Kb used=1034Kb max_used=1034Kb free=4661Kb
 bounds [0x000001dfb28c0000, 0x000001dfb2b30000, 0x000001dfb2e50000]
 total_blobs=391 nmethods=46 adapters=212
 compilation: enabled
              stopped_count=0, restarted_count=0
 full_count=0

Compilation events (10 events):
Event: 0.089 Thread 0x000001dfc6a76000   37       3       java.util.ImmutableCollections$SetN$SetNIterator::next (47 bytes)
Event: 0.089 Thread 0x000001dfc6a76000 nmethod 37 0x000001dfb2e5bb90 code [0x000001dfb2e5bd80, 0x000001dfb2e5c1a0]
Event: 0.089 Thread 0x000001dfc6a76000   36       3       java.util.concurrent.ConcurrentHashMap::tabAt (22 bytes)
Event: 0.090 Thread 0x000001dfc6a76000 nmethod 36 0x000001dfb2e5c310 code [0x000001dfb2e5c4e0, 0x000001dfb2e5c858]
Event: 0.093 Thread 0x000001dfc6a76000   38       3       java.util.HashMap::hash (20 bytes)
Event: 0.093 Thread 0x000001dfc6a76000 nmethod 38 0x000001dfb2e5c910 code [0x000001dfb2e5cae0, 0x000001dfb2e5cd50]
Event: 0.097 Thread 0x000001dfc6a76000   39       3       java.lang.String::length (11 bytes)
Event: 0.097 Thread 0x000001dfc6a76000 nmethod 39 0x000001dfb2e5ce10 code [0x000001dfb2e5cfe0, 0x000001dfb2e5d1f8]
Event: 0.101 Thread 0x000001dfc6a76000   41       1       java.lang.Enum::ordinal (5 bytes)
Event: 0.101 Thread 0x000001dfc6a76000 nmethod 41 0x000001dfba381090 code [0x000001dfba381240, 0x000001dfba381378]

GC Heap History (2 events):
Event: 0.108 GC heap before
{Heap before GC invocations=0 (full 0):
 garbage-first heap   total 65536K, used 0K [0x00000000c1200000, 0x0000000100000000)
  region size 1024K, 1 young (1024K), 0 survivors (0K)
 Metaspace       used 249K, capacity 4480K, committed 4480K, reserved 1064960K
  class space    used 20K, capacity 384K, committed 384K, reserved 1048576K
}
Event: 0.111 GC heap after
{Heap after GC invocations=1 (full 0):
 garbage-first heap   total 65536K, used 520K [0x00000000c1200000, 0x0000000100000000)
  region size 1024K, 1 young (1024K), 1 survivors (1024K)
 Metaspace       used 249K, capacity 4480K, committed 4480K, reserved 1064960K
  class space    used 20K, capacity 384K, committed 384K, reserved 1048576K
}

Deoptimization events (0 events):
No events

Classes redefined (0 events):
No events

Internal exceptions (0 events):
No events

Events (10 events):
Event: 0.101 loading class java/lang/Module$ReflectionData done
Event: 0.101 loading class java/lang/WeakPairMap
Event: 0.101 loading class java/lang/WeakPairMap done
Event: 0.101 loading class java/lang/WeakPairMap$Pair
Event: 0.102 loading class java/lang/WeakPairMap$Pair done
Event: 0.102 loading class java/lang/WeakPairMap$Pair$Lookup
Event: 0.102 loading class java/lang/WeakPairMap$Pair$Lookup done
Event: 0.108 Executing VM operation: CollectForMetadataAllocation
Event: 0.111 Executing VM operation: CollectForMetadataAllocation done
Event: 0.111 Executing VM operation: CollectForMetadataAllocation


Dynamic libraries:
0x00007ff68a0c0000 - 0x00007ff68a0cf000 	C:\Program Files\Java\jdk-12.0.2\bin\javaw.exe
0x00007ffb12f40000 - 0x00007ffb1312d000 	C:\WINDOWS\SYSTEM32\ntdll.dll
0x00007ffb10a30000 - 0x00007ffb10ae3000 	C:\WINDOWS\System32\KERNEL32.DLL
0x00007ffb0f2b0000 - 0x00007ffb0f545000 	C:\WINDOWS\System32\KERNELBASE.dll
0x00007ffb0f1b0000 - 0x00007ffb0f2aa000 	C:\WINDOWS\System32\ucrtbase.dll
0x00007ffb010e0000 - 0x00007ffb010f8000 	C:\Program Files\Java\jdk-12.0.2\bin\jli.dll
0x00007ffb11750000 - 0x00007ffb117f3000 	C:\WINDOWS\System32\ADVAPI32.dll
0x00007ffb11460000 - 0x00007ffb114fe000 	C:\WINDOWS\System32\msvcrt.dll
0x00007ffb11250000 - 0x00007ffb112ee000 	C:\WINDOWS\System32\sechost.dll
0x00007ffb11500000 - 0x00007ffb11622000 	C:\WINDOWS\System32\RPCRT4.dll
0x00007ffb11800000 - 0x00007ffb11997000 	C:\WINDOWS\System32\USER32.dll
0x00007ffb10140000 - 0x00007ffb10160000 	C:\WINDOWS\System32\win32u.dll
0x00007ffb116c0000 - 0x00007ffb116e9000 	C:\WINDOWS\System32\GDI32.dll
0x00007ffb0f5a0000 - 0x00007ffb0f739000 	C:\WINDOWS\System32\gdi32full.dll
0x00007ffb0f740000 - 0x00007ffb0f7e0000 	C:\WINDOWS\System32\msvcp_win.dll
0x00007ffb035c0000 - 0x00007ffb035d6000 	C:\Program Files\Java\jdk-12.0.2\bin\VCRUNTIME140.dll
0x00007ffb04e00000 - 0x00007ffb05079000 	C:\WINDOWS\WinSxS\amd64_microsoft.windows.common-controls_6595b64144ccf1df_6.0.17763.1217_none_de6e4304534e0ad3\COMCTL32.dll
0x00007ffb10de0000 - 0x00007ffb1110c000 	C:\WINDOWS\System32\combase.dll
0x00007ffb0f130000 - 0x00007ffb0f1ae000 	C:\WINDOWS\System32\bcryptPrimitives.dll
0x00007ffb08080000 - 0x00007ffb0808a000 	C:\WINDOWS\SYSTEM32\VERSION.dll
0x00007ffb11630000 - 0x00007ffb1165e000 	C:\WINDOWS\System32\IMM32.DLL
0x00007ffaf1800000 - 0x00007ffaf18aa000 	C:\Program Files\Java\jdk-12.0.2\bin\msvcp140.dll
0x00007ffaca2b0000 - 0x00007ffacae27000 	C:\Program Files\Java\jdk-12.0.2\bin\server\jvm.dll
0x00007ffb109a0000 - 0x00007ffb109a8000 	C:\WINDOWS\System32\PSAPI.DLL
0x00007ffb07e20000 - 0x00007ffb07e29000 	C:\WINDOWS\SYSTEM32\WSOCK32.dll
0x00007ffb0bbc0000 - 0x00007ffb0bbe4000 	C:\WINDOWS\SYSTEM32\WINMM.dll
0x00007ffb10160000 - 0x00007ffb101cd000 	C:\WINDOWS\System32\WS2_32.dll
0x00007ffb0bb90000 - 0x00007ffb0bbbd000 	C:\WINDOWS\SYSTEM32\WINMMBASE.dll
0x00007ffb0f550000 - 0x00007ffb0f59a000 	C:\WINDOWS\System32\cfgmgr32.dll
0x00007ffb0ef30000 - 0x00007ffb0ef41000 	C:\WINDOWS\System32\kernel.appcore.dll
0x00007ffafb5d0000 - 0x00007ffafb5e1000 	C:\Program Files\Java\jdk-12.0.2\bin\verify.dll
0x00007ffafe1d0000 - 0x00007ffafe3bd000 	C:\WINDOWS\SYSTEM32\DBGHELP.DLL
0x00007ffafd7a0000 - 0x00007ffafd7ca000 	C:\WINDOWS\SYSTEM32\dbgcore.DLL
0x00007ffaf2fb0000 - 0x00007ffaf2fd6000 	C:\Program Files\Java\jdk-12.0.2\bin\java.dll
0x00007ffaf8ad0000 - 0x00007ffaf8ae7000 	C:\Program Files\Java\jdk-12.0.2\bin\zip.dll
0x00007ffb05fb0000 - 0x00007ffb05fba000 	C:\Program Files\Java\jdk-12.0.2\bin\jimage.dll
0x00007ffb11a10000 - 0x00007ffb12f04000 	C:\WINDOWS\System32\SHELL32.dll
0x00007ffb108d0000 - 0x00007ffb10978000 	C:\WINDOWS\System32\shcore.dll
0x00007ffb0f9f0000 - 0x00007ffb1013e000 	C:\WINDOWS\System32\windows.storage.dll
0x00007ffb0efb0000 - 0x00007ffb0efd4000 	C:\WINDOWS\System32\profapi.dll
0x00007ffb0ef50000 - 0x00007ffb0efad000 	C:\WINDOWS\System32\powrprof.dll
0x00007ffb119b0000 - 0x00007ffb11a02000 	C:\WINDOWS\System32\shlwapi.dll
0x00007ffb0f000000 - 0x00007ffb0f017000 	C:\WINDOWS\System32\cryptsp.dll

dbghelp: loaded successfully - version: 4.0.5 - missing functions: none
symbol engine: initialized successfully - sym options: 0x614 - pdb path: .;C:\Program Files\Java\jdk-12.0.2\bin;C:\WINDOWS\SYSTEM32;C:\WINDOWS\WinSxS\amd64_microsoft.windows.common-controls_6595b64144ccf1df_6.0.17763.1217_none_de6e4304534e0ad3;C:\Program Files\Java\jdk-12.0.2\bin\server

VM Arguments:
jvm_args: -Dfile.encoding=Cp1252 --module-path=C:\Users\krishann\OneDrive\Masters\Assaignment\11. ComparativeProgramming\Assesment 02\Platypus-Java\Assesment-02\bin;C:\Users\krishann\OneDrive\Masters\Assaignment\11. ComparativeProgramming\Assesment 02\Platypus-Java\.metadata\.plugins\java-json.jar -Djdk.module.main=platypusRestuarentModule 
java_command: platypusRestuarentModule/restuarentPlatypus.PlatypusTerminal
java_class_path (initial): <not set>
Launcher Type: SUN_STANDARD

[Global flags]
     intx CICompilerCount                          = 3                                         {product} {ergonomic}
     uint ConcGCThreads                            = 1                                         {product} {ergonomic}
     uint G1ConcRefinementThreads                  = 4                                         {product} {ergonomic}
   size_t G1HeapRegionSize                         = 1048576                                   {product} {ergonomic}
    uintx GCDrainStackTargetSize                   = 64                                        {product} {ergonomic}
   size_t InitialHeapSize                          = 67108864                                  {product} {ergonomic}
   size_t MarkStackSize                            = 4194304                                   {product} {ergonomic}
   size_t MaxHeapSize                              = 1054867456                                {product} {ergonomic}
   size_t MaxNewSize                               = 632291328                                 {product} {ergonomic}
   size_t MinHeapDeltaBytes                        = 1048576                                   {product} {ergonomic}
    uintx NonNMethodCodeHeapSize                   = 5830732                                {pd product} {ergonomic}
    uintx NonProfiledCodeHeapSize                  = 122913754                              {pd product} {ergonomic}
    uintx ProfiledCodeHeapSize                     = 122913754                              {pd product} {ergonomic}
    uintx ReservedCodeCacheSize                    = 251658240                              {pd product} {ergonomic}
     bool SegmentedCodeCache                       = true                                      {product} {ergonomic}
     bool UseCompressedClassPointers               = true                                 {lp64_product} {ergonomic}
     bool UseCompressedOops                        = true                                 {lp64_product} {ergonomic}
     bool UseG1GC                                  = true                                      {product} {ergonomic}
     bool UseLargePagesIndividualAllocation        = false                                  {pd product} {ergonomic}

Logging:
Log output configuration:
 #0: stdout all=warning uptime,level,tags
 #1: stderr all=off uptime,level,tags

Environment Variables:
PATH=C:/Program Files/Java/jdk-12.0.2/bin/server;C:/Program Files/Java/jdk-12.0.2/bin;C:\WINDOWS\system32;C:\WINDOWS;C:\WINDOWS\System32\Wbem;C:\WINDOWS\System32\WindowsPowerShell\v1.0\;C:\WINDOWS\System32\OpenSSH\;C:\Program Files\PuTTY\;C:\Program Files\Git\cmd;C:\Users\krishann\AppData\Local\Microsoft\WindowsApps;C:\Users\krishann\AppData\Local\Google\Cloud SDK\google-cloud-sdk\bin;C:\Users\krishann\Desktop;
USERNAME=krishann
OS=Windows_NT
PROCESSOR_IDENTIFIER=Intel64 Family 6 Model 37 Stepping 5, GenuineIntel



---------------  S Y S T E M  ---------------

OS: Windows 10 , 64 bit Build 17763 (10.0.17763.1158)

CPU:total 4 (initial active 4) (2 cores per cpu, 2 threads per core) family 6 model 37 stepping 5, cmov, cx8, fxsr, mmx, sse, sse2, sse3, ssse3, sse4.1, sse4.2, popcnt, aes, clmul, ht, tsc, tscinvbit

Memory: 4k page, system-wide physical 4021M (629M free)
TotalPageFile size 16309M (AvailPageFile size 1M)
current process WorkingSet (physical memory assigned to process): 25M, peak: 25M
current process commit charge ("private bytes"): 130M, peak: 131M

vm_info: Java HotSpot(TM) 64-Bit Server VM (12.0.2+10) for windows-amd64 JRE (12.0.2+10), built on Jul 16 2019 01:56:17 by "mach5one" with MS VC++ 15.5 (VS2017)

END.
