#
# There is insufficient memory for the Java Runtime Environment to continue.
# Native memory allocation (mmap) failed to map 67108864 bytes for Failed to commit area from 0x00000000c1200000 to 0x00000000c5200000 of length 67108864.
# Possible reasons:
#   The system is out of physical RAM or swap space
#   The process is running with CompressedOops enabled, and the Java Heap may be blocking the growth of the native heap
# Possible solutions:
#   Reduce memory load on the system
#   Increase physical memory or swap space
#   Check if swap backing store is full
#   Decrease Java heap size (-Xmx/-Xms)
#   Decrease number of Java threads
#   Decrease Java thread stack sizes (-Xss)
#   Set larger code cache with -XX:ReservedCodeCacheSize=
# This output file may be truncated or incomplete.
#
#  Out of Memory Error (t:/workspace/open/src/hotspot/os/windows/os_windows.cpp:3264), pid=2656, tid=6352
#
# JRE version:  (12.0.2+10) (build )
# Java VM: Java HotSpot(TM) 64-Bit Server VM (12.0.2+10, mixed mode, aot, sharing, tiered, compressed oops, g1 gc, windows-amd64)
# No core dump will be written. Minidumps are not enabled by default on client versions of Windows
#

---------------  S U M M A R Y ------------

Command Line: -Dfile.encoding=Cp1252 --module-path=C:\Users\krishann\OneDrive\Masters\Assaignment\11. ComparativeProgramming\Assesment 02\Platypus-Java\Assesment-02\bin;C:\Users\krishann\OneDrive\Masters\Assaignment\11. ComparativeProgramming\Assesment 02\Platypus-Java\.metadata\.plugins\java-json.jar -Djdk.module.main=platypusRestuarentModule platypusRestuarentModule/restuarentPlatypus.PlatypusTerminal

Host: Intel(R) Core(TM) i5 CPU       M 540  @ 2.53GHz, 4 cores, 3G,  Windows 10 , 64 bit Build 17763 (10.0.17763.1158)
Time: Tue May 26 12:03:55 2020 Cen. Australia Standard Time elapsed time: 0 seconds (0d 0h 0m 0s)

---------------  T H R E A D  ---------------

Current thread (0x000001d616a07000):  JavaThread "Unknown thread" [_thread_in_vm, id=6352, stack(0x000000706ec00000,0x000000706ed00000)]

Stack: [0x000000706ec00000,0x000000706ed00000]
Native frames: (J=compiled Java code, j=interpreted, Vv=VM code, C=native code)
V  [jvm.dll+0x63aa2a]
V  [jvm.dll+0x78ce1e]
V  [jvm.dll+0x78e4c1]
V  [jvm.dll+0x78eb13]
V  [jvm.dll+0x2627e8]
V  [jvm.dll+0x637f5a]
V  [jvm.dll+0x62c845]
V  [jvm.dll+0x31e49c]
V  [jvm.dll+0x31e2cf]
V  [jvm.dll+0x324006]
V  [jvm.dll+0x371f56]
V  [jvm.dll+0x371720]
V  [jvm.dll+0x2f845a]
V  [jvm.dll+0x2f96d2]
V  [jvm.dll+0x767267]
V  [jvm.dll+0x7689f5]
V  [jvm.dll+0x380059]
V  [jvm.dll+0x74b794]
V  [jvm.dll+0x3ef5cd]
V  [jvm.dll+0x3f1471]
C  [jli.dll+0x51cf]
C  [ucrtbase.dll+0x21ffa]
C  [KERNEL32.DLL+0x17974]
C  [ntdll.dll+0x6a271]


---------------  P R O C E S S  ---------------

Threads class SMR info:
_java_thread_list=0x00007ffacad87928, length=0, elements={
}

Java Threads: ( => current thread )

Other Threads:
  0x000001d616a32800 GCTaskThread "GC Thread#0" [stack: 0x000000706ed00000,0x000000706ee00000] [id=17704]
  0x000001d616a3a800 ConcurrentGCThread "G1 Main Marker" [stack: 0x000000706ee00000,0x000000706ef00000] [id=6296]
  0x000001d616a3d000 ConcurrentGCThread "G1 Conc#0" [stack: 0x000000706ef00000,0x000000706f000000] [id=2996]

[error occurred during error reporting (printing all threads), id 0xc0000005, EXCEPTION_ACCESS_VIOLATION (0xc0000005) at pc=0x00007ffaca5b85e7]

VM state:not at safepoint (not fully initialized)

VM Mutex/Monitor currently owned by a thread:  ([mutex/lock_event])
[0x000001d616a03320] Heap_lock - owner thread: 0x000001d616a07000

Heap address: 0x00000000c1200000, size: 1006 MB, Compressed Oops mode: Non-zero based: 0x00000000c1200000
Narrow klass base: 0x0000000000000000, Narrow klass shift: 0

GC Heap History (0 events):
No events

Deoptimization events (0 events):
No events

Classes redefined (0 events):
No events

Internal exceptions (0 events):
No events

Events (0 events):
No events


Dynamic libraries:
0x00007ff76dee0000 - 0x00007ff76deef000 	C:\Program Files\Java\jdk-12.0.2\bin\javaw.exe
0x00007ffb12f40000 - 0x00007ffb1312d000 	C:\WINDOWS\SYSTEM32\ntdll.dll
0x00007ffb10a30000 - 0x00007ffb10ae3000 	C:\WINDOWS\System32\KERNEL32.DLL
0x00007ffb0f2b0000 - 0x00007ffb0f545000 	C:\WINDOWS\System32\KERNELBASE.dll
0x00007ffb0f1b0000 - 0x00007ffb0f2aa000 	C:\WINDOWS\System32\ucrtbase.dll
0x00007ffb010e0000 - 0x00007ffb010f8000 	C:\Program Files\Java\jdk-12.0.2\bin\jli.dll
0x00007ffb11750000 - 0x00007ffb117f3000 	C:\WINDOWS\System32\ADVAPI32.dll
0x00007ffb11460000 - 0x00007ffb114fe000 	C:\WINDOWS\System32\msvcrt.dll
0x00007ffb11250000 - 0x00007ffb112ee000 	C:\WINDOWS\System32\sechost.dll
0x00007ffb11500000 - 0x00007ffb11622000 	C:\WINDOWS\System32\RPCRT4.dll
0x00007ffb11800000 - 0x00007ffb11997000 	C:\WINDOWS\System32\USER32.dll
0x00007ffb10140000 - 0x00007ffb10160000 	C:\WINDOWS\System32\win32u.dll
0x00007ffb116c0000 - 0x00007ffb116e9000 	C:\WINDOWS\System32\GDI32.dll
0x00007ffb0f5a0000 - 0x00007ffb0f739000 	C:\WINDOWS\System32\gdi32full.dll
0x00007ffb0f740000 - 0x00007ffb0f7e0000 	C:\WINDOWS\System32\msvcp_win.dll
0x00007ffb04e00000 - 0x00007ffb05079000 	C:\WINDOWS\WinSxS\amd64_microsoft.windows.common-controls_6595b64144ccf1df_6.0.17763.1217_none_de6e4304534e0ad3\COMCTL32.dll
0x00007ffb10de0000 - 0x00007ffb1110c000 	C:\WINDOWS\System32\combase.dll
0x00007ffb0f130000 - 0x00007ffb0f1ae000 	C:\WINDOWS\System32\bcryptPrimitives.dll
0x00007ffb08080000 - 0x00007ffb0808a000 	C:\WINDOWS\SYSTEM32\VERSION.dll
0x00007ffafb590000 - 0x00007ffafb5a6000 	C:\Program Files\Java\jdk-12.0.2\bin\VCRUNTIME140.dll
0x00007ffb11630000 - 0x00007ffb1165e000 	C:\WINDOWS\System32\IMM32.DLL
0x00007ffae84d0000 - 0x00007ffae857a000 	C:\Program Files\Java\jdk-12.0.2\bin\msvcp140.dll
0x00007ffaca2b0000 - 0x00007ffacae27000 	C:\Program Files\Java\jdk-12.0.2\bin\server\jvm.dll
0x00007ffb109a0000 - 0x00007ffb109a8000 	C:\WINDOWS\System32\PSAPI.DLL
0x00007ffb0bbc0000 - 0x00007ffb0bbe4000 	C:\WINDOWS\SYSTEM32\WINMM.dll
0x00007ffb0bb90000 - 0x00007ffb0bbbd000 	C:\WINDOWS\SYSTEM32\WINMMBASE.dll
0x00007ffb0f550000 - 0x00007ffb0f59a000 	C:\WINDOWS\System32\cfgmgr32.dll
0x00007ffb07e20000 - 0x00007ffb07e29000 	C:\WINDOWS\SYSTEM32\WSOCK32.dll
0x00007ffb10160000 - 0x00007ffb101cd000 	C:\WINDOWS\System32\WS2_32.dll
0x00007ffb0ef30000 - 0x00007ffb0ef41000 	C:\WINDOWS\System32\kernel.appcore.dll
0x00007ffafb5d0000 - 0x00007ffafb5e1000 	C:\Program Files\Java\jdk-12.0.2\bin\verify.dll
0x00007ffafe1d0000 - 0x00007ffafe3bd000 	C:\WINDOWS\SYSTEM32\DBGHELP.DLL
0x00007ffafd7a0000 - 0x00007ffafd7ca000 	C:\WINDOWS\SYSTEM32\dbgcore.DLL
0x00007ffaf2fb0000 - 0x00007ffaf2fd6000 	C:\Program Files\Java\jdk-12.0.2\bin\java.dll
0x00007ffaf8ad0000 - 0x00007ffaf8ae7000 	C:\Program Files\Java\jdk-12.0.2\bin\zip.dll
0x00007ffb05fb0000 - 0x00007ffb05fba000 	C:\Program Files\Java\jdk-12.0.2\bin\jimage.dll

dbghelp: loaded successfully - version: 4.0.5 - missing functions: none
symbol engine: initialized successfully - sym options: 0x614 - pdb path: .;C:\Program Files\Java\jdk-12.0.2\bin;C:\WINDOWS\SYSTEM32;C:\WINDOWS\WinSxS\amd64_microsoft.windows.common-controls_6595b64144ccf1df_6.0.17763.1217_none_de6e4304534e0ad3;C:\Program Files\Java\jdk-12.0.2\bin\server

VM Arguments:
jvm_args: -Dfile.encoding=Cp1252 --module-path=C:\Users\krishann\OneDrive\Masters\Assaignment\11. ComparativeProgramming\Assesment 02\Platypus-Java\Assesment-02\bin;C:\Users\krishann\OneDrive\Masters\Assaignment\11. ComparativeProgramming\Assesment 02\Platypus-Java\.metadata\.plugins\java-json.jar -Djdk.module.main=platypusRestuarentModule 
java_command: platypusRestuarentModule/restuarentPlatypus.PlatypusTerminal
java_class_path (initial): <not set>
Launcher Type: SUN_STANDARD

[Global flags]
     intx CICompilerCount                          = 3                                         {product} {ergonomic}
     uint ConcGCThreads                            = 1                                         {product} {ergonomic}
     uint G1ConcRefinementThreads                  = 4                                         {product} {ergonomic}
   size_t G1HeapRegionSize                         = 1048576                                   {product} {ergonomic}
    uintx GCDrainStackTargetSize                   = 64                                        {product} {ergonomic}
   size_t InitialHeapSize                          = 67108864                                  {product} {ergonomic}
   size_t MarkStackSize                            = 4194304                                   {product} {ergonomic}
   size_t MaxHeapSize                              = 1054867456                                {product} {ergonomic}
   size_t MinHeapDeltaBytes                        = 1048576                                   {product} {ergonomic}
    uintx NonNMethodCodeHeapSize                   = 5830732                                {pd product} {ergonomic}
    uintx NonProfiledCodeHeapSize                  = 122913754                              {pd product} {ergonomic}
    uintx ProfiledCodeHeapSize                     = 122913754                              {pd product} {ergonomic}
    uintx ReservedCodeCacheSize                    = 251658240                              {pd product} {ergonomic}
     bool SegmentedCodeCache                       = true                                      {product} {ergonomic}
     bool UseCompressedClassPointers               = true                                 {lp64_product} {ergonomic}
     bool UseCompressedOops                        = true                                 {lp64_product} {ergonomic}
     bool UseG1GC                                  = true                                      {product} {ergonomic}
     bool UseLargePagesIndividualAllocation        = false                                  {pd product} {ergonomic}

Logging:
Log output configuration:
 #0: stdout all=warning uptime,level,tags
 #1: stderr all=off uptime,level,tags

Environment Variables:
PATH=C:/Program Files/Java/jdk-12.0.2/bin/server;C:/Program Files/Java/jdk-12.0.2/bin;C:\WINDOWS\system32;C:\WINDOWS;C:\WINDOWS\System32\Wbem;C:\WINDOWS\System32\WindowsPowerShell\v1.0\;C:\WINDOWS\System32\OpenSSH\;C:\Program Files\PuTTY\;C:\Program Files\Git\cmd;C:\Users\krishann\AppData\Local\Microsoft\WindowsApps;C:\Users\krishann\AppData\Local\Google\Cloud SDK\google-cloud-sdk\bin;C:\Users\krishann\Desktop;
USERNAME=krishann
OS=Windows_NT
PROCESSOR_IDENTIFIER=Intel64 Family 6 Model 37 Stepping 5, GenuineIntel



---------------  S Y S T E M  ---------------

OS: Windows 10 , 64 bit Build 17763 (10.0.17763.1158)

CPU:total 4 (initial active 4) (2 cores per cpu, 2 threads per core) family 6 model 37 stepping 5, cmov, cx8, fxsr, mmx, sse, sse2, sse3, ssse3, sse4.1, sse4.2, popcnt, aes, clmul, ht, tsc, tscinvbit

Memory: 4k page, system-wide physical 4021M (270M free)
TotalPageFile size 16309M (AvailPageFile size 50M)
current process WorkingSet (physical memory assigned to process): 9M, peak: 9M
current process commit charge ("private bytes"): 51M, peak: 115M

vm_info: Java HotSpot(TM) 64-Bit Server VM (12.0.2+10) for windows-amd64 JRE (12.0.2+10), built on Jul 16 2019 01:56:17 by "mach5one" with MS VC++ 15.5 (VS2017)

END.
