#
# A fatal error has been detected by the Java Runtime Environment:
#
#  EXCEPTION_ACCESS_VIOLATION (0xc0000005) at pc=0x0000000000000000, pid=1476, tid=18332
#
# JRE version:  (12.0.2+10) (build )
# Java VM: Java HotSpot(TM) 64-Bit Server VM (12.0.2+10, mixed mode, sharing, tiered, compressed oops, g1 gc, windows-amd64)
# Problematic frame:
# C  0x0000000000000000
#
# No core dump will be written. Minidumps are not enabled by default on client versions of Windows
#
# If you would like to submit a bug report, please visit:
#   http://bugreport.java.com/bugreport/crash.jsp
# The crash happened outside the Java Virtual Machine in native code.
# See problematic frame for where to report the bug.
#

---------------  S U M M A R Y ------------

Command Line: -Dfile.encoding=Cp1252 --module-path=C:\Users\krishann\OneDrive\Masters\Assaignment\11. ComparativeProgramming\Assesment 02\Platypus-Java\Assesment-02\bin;C:\Users\krishann\OneDrive\Masters\Assaignment\11. ComparativeProgramming\Assesment 02\Platypus-Java\.metadata\.plugins\java-json.jar -Djdk.module.main=platypusRestuarentModule platypusRestuarentModule/restuarentPlatypus.PlatypusTerminal

Host: Intel(R) Core(TM) i5 CPU       M 540  @ 2.53GHz, 4 cores, 3G,  Windows 10 , 64 bit Build 17763 (10.0.17763.1158)
Time: Tue May 26 12:54:00 2020 Cen. Australia Standard Time elapsed time: 0 seconds (0d 0h 0m 0s)

---------------  T H R E A D  ---------------

Current thread (0x000001234a0cd000):  JavaThread "main" [_thread_in_native, id=18332, stack(0x00000007e8a00000,0x00000007e8b00000)]

Stack: [0x00000007e8a00000,0x00000007e8b00000],  sp=0x00000007e8afeb88,  free space=1018k
Native frames: (J=compiled Java code, j=interpreted, Vv=VM code, C=native code)

Java frames: (J=compiled Java code, j=interpreted, Vv=VM code)
j  jdk.internal.util.SystemProps$Raw.platformProperties()[Ljava/lang/String;+0 java.base
j  jdk.internal.util.SystemProps$Raw.<init>()V+5 java.base
j  jdk.internal.util.SystemProps.initProperties()Ljava/util/Map;+4 java.base
j  java.lang.System.initPhase1()V+0 java.base
v  ~StubRoutines::call_stub

siginfo: EXCEPTION_ACCESS_VIOLATION (0xc0000005), data execution prevention violation at address 0x0000000000000000


Register to memory mapping:

RIP=0x0 is NULL
RAX=0x0 is NULL
RBX=0x0 is NULL
RCX=0x0 is NULL
RDX=0x0000000000004028 is an unknown value
RSP=0x00000007e8afeb88 is pointing into the stack for thread: 0x000001234a0cd000
RBP=0x00000007e8afef00 is pointing into the stack for thread: 0x000001234a0cd000
RSI=0x0000000000000001 is an unknown value
RDI=0x0000012365ef5401 points into unknown readable memory: 00 00 00 00 00 00 00
R8 =0x0 is NULL
R9 =0x0 is NULL
R10=0x0000000000000020 is an unknown value
R11=0x0000000000000050 is an unknown value
R12=0x0000000000000001 is an unknown value
R13=0x0000000000004563 is an unknown value
R14=0x000000000000000a is an unknown value
R15=0x000000000000073c is an unknown value


Registers:
RAX=0x0000000000000000, RBX=0x0000000000000000, RCX=0x0000000000000000, RDX=0x0000000000004028
RSP=0x00000007e8afeb88, RBP=0x00000007e8afef00, RSI=0x0000000000000001, RDI=0x0000012365ef5401
R8 =0x0000000000000000, R9 =0x0000000000000000, R10=0x0000000000000020, R11=0x0000000000000050
R12=0x0000000000000001, R13=0x0000000000004563, R14=0x000000000000000a, R15=0x000000000000073c
RIP=0x0000000000000000, EFLAGS=0x0000000000010206

Top of Stack: (sp=0x00000007e8afeb88)
0x00000007e8afeb88:   00007ffaf2fbbefb 0000000000000000
0x00000007e8afeb98:   0000000000004028 0000000000000000
0x00000007e8afeba8:   0000000000000000 00000007e8afebd0
0x00000007e8afebb8:   00000007e8afec59 0000000080004005
0x00000007e8afebc8:   00007ffb12f4d997 0000000000000040
0x00000007e8afebd8:   0000012300000002 0000000000000024
0x00000007e8afebe8:   0000000000000008 0000012300000000
0x00000007e8afebf8:   0000012347f40000 0000000000000002
0x00000007e8afec08:   0000000000000eb0 000001234a12c9e0
0x00000007e8afec18:   00000007e8afec20 0000000000000000
0x00000007e8afec28:   0000012347f41a40 0000012347f40d20
0x00000007e8afec38:   0000000000000002 0000000000000020
0x00000007e8afec48:   0000000000000000 0000000000004563
0x00000007e8afec58:   0000000000000012 0000000000000000
0x00000007e8afec68:   0000000000000004 0000000000000020
0x00000007e8afec78:   0000000000000000 0000012347f80000 

Instructions: (pc=0x0000000000000000)
0xffffffffffffff00:   


Stack slot to memory mapping:
stack at sp + 0 slots: 0x00007ffaf2fbbefb java.dll
stack at sp + 1 slots: 0x0 is NULL
stack at sp + 2 slots: 0x0000000000004028 is an unknown value
stack at sp + 3 slots: 0x0 is NULL
stack at sp + 4 slots: 0x0 is NULL
stack at sp + 5 slots: 0x00000007e8afebd0 is pointing into the stack for thread: 0x000001234a0cd000
stack at sp + 6 slots: 0x00000007e8afec59 is pointing into the stack for thread: 0x000001234a0cd000
stack at sp + 7 slots: 0x0000000080004005 is an unknown value


---------------  P R O C E S S  ---------------

Threads class SMR info:
_java_thread_list=0x0000012365ee16d0, length=3, elements={
0x000001234a0cd000, 0x0000012365ee7000, 0x0000012365eea000
}

Java Threads: ( => current thread )
=>0x000001234a0cd000 JavaThread "main" [_thread_in_native, id=18332, stack(0x00000007e8a00000,0x00000007e8b00000)]
  0x0000012365ee7000 JavaThread "Reference Handler" daemon [_thread_blocked, id=4240, stack(0x00000007e9100000,0x00000007e9200000)]
  0x0000012365eea000 JavaThread "Finalizer" daemon [_thread_blocked, id=18176, stack(0x00000007e9200000,0x00000007e9300000)]

Other Threads:
  0x0000012365ee2000 VMThread "VM Thread" [stack: 0x00000007e9000000,0x00000007e9100000] [id=20972]
  0x000001234a0f9000 GCTaskThread "GC Thread#0" [stack: 0x00000007e8b00000,0x00000007e8c00000] [id=4724]
  0x000001234a120800 ConcurrentGCThread "G1 Main Marker" [stack: 0x00000007e8c00000,0x00000007e8d00000] [id=3448]
  0x000001234a126800 ConcurrentGCThread "G1 Conc#0" [stack: 0x00000007e8d00000,0x00000007e8e00000] [id=6928]
  0x000001234a180000 ConcurrentGCThread "G1 Refine#0" [stack: 0x00000007e8e00000,0x00000007e8f00000] [id=12260]
  0x000001234a183000 ConcurrentGCThread "G1 Young RemSet Sampling" [stack: 0x00000007e8f00000,0x00000007e9000000] [id=13712]

Threads with active compile tasks:

VM state:not at safepoint (normal execution)

VM Mutex/Monitor currently owned by a thread: None

Heap address: 0x00000000c1200000, size: 1006 MB, Compressed Oops mode: 32-bit
Narrow klass base: 0x0000000800000000, Narrow klass shift: 3
Compressed class space size: 1073741824 Address: 0x0000000801190000

Heap:
 garbage-first heap   total 65536K, used 0K [0x00000000c1200000, 0x0000000100000000)
  region size 1024K, 1 young (1024K), 0 survivors (0K)
 Metaspace       used 15K, capacity 20K, committed 384K, reserved 1060864K
  class space    used 2K, capacity 4K, committed 128K, reserved 1048576K
Heap Regions: E=young(eden), S=young(survivor), O=old, HS=humongous(starts), HC=humongous(continues), CS=collection set, F=free, A=archive, TAMS=top-at-mark-start (previous, next)
|   0|0x00000000c1200000, 0x00000000c1200000, 0x00000000c1300000|  0%| F|  |TAMS 0x00000000c1200000, 0x00000000c1200000| Untracked 
|   1|0x00000000c1300000, 0x00000000c1300000, 0x00000000c1400000|  0%| F|  |TAMS 0x00000000c1300000, 0x00000000c1300000| Untracked 
|   2|0x00000000c1400000, 0x00000000c1400000, 0x00000000c1500000|  0%| F|  |TAMS 0x00000000c1400000, 0x00000000c1400000| Untracked 
|   3|0x00000000c1500000, 0x00000000c1500000, 0x00000000c1600000|  0%| F|  |TAMS 0x00000000c1500000, 0x00000000c1500000| Untracked 
|   4|0x00000000c1600000, 0x00000000c1600000, 0x00000000c1700000|  0%| F|  |TAMS 0x00000000c1600000, 0x00000000c1600000| Untracked 
|   5|0x00000000c1700000, 0x00000000c1700000, 0x00000000c1800000|  0%| F|  |TAMS 0x00000000c1700000, 0x00000000c1700000| Untracked 
|   6|0x00000000c1800000, 0x00000000c1800000, 0x00000000c1900000|  0%| F|  |TAMS 0x00000000c1800000, 0x00000000c1800000| Untracked 
|   7|0x00000000c1900000, 0x00000000c1900000, 0x00000000c1a00000|  0%| F|  |TAMS 0x00000000c1900000, 0x00000000c1900000| Untracked 
|   8|0x00000000c1a00000, 0x00000000c1a00000, 0x00000000c1b00000|  0%| F|  |TAMS 0x00000000c1a00000, 0x00000000c1a00000| Untracked 
|   9|0x00000000c1b00000, 0x00000000c1b00000, 0x00000000c1c00000|  0%| F|  |TAMS 0x00000000c1b00000, 0x00000000c1b00000| Untracked 
|  10|0x00000000c1c00000, 0x00000000c1c00000, 0x00000000c1d00000|  0%| F|  |TAMS 0x00000000c1c00000, 0x00000000c1c00000| Untracked 
|  11|0x00000000c1d00000, 0x00000000c1d00000, 0x00000000c1e00000|  0%| F|  |TAMS 0x00000000c1d00000, 0x00000000c1d00000| Untracked 
|  12|0x00000000c1e00000, 0x00000000c1e00000, 0x00000000c1f00000|  0%| F|  |TAMS 0x00000000c1e00000, 0x00000000c1e00000| Untracked 
|  13|0x00000000c1f00000, 0x00000000c1f00000, 0x00000000c2000000|  0%| F|  |TAMS 0x00000000c1f00000, 0x00000000c1f00000| Untracked 
|  14|0x00000000c2000000, 0x00000000c2000000, 0x00000000c2100000|  0%| F|  |TAMS 0x00000000c2000000, 0x00000000c2000000| Untracked 
|  15|0x00000000c2100000, 0x00000000c2100000, 0x00000000c2200000|  0%| F|  |TAMS 0x00000000c2100000, 0x00000000c2100000| Untracked 
|  16|0x00000000c2200000, 0x00000000c2200000, 0x00000000c2300000|  0%| F|  |TAMS 0x00000000c2200000, 0x00000000c2200000| Untracked 
|  17|0x00000000c2300000, 0x00000000c2300000, 0x00000000c2400000|  0%| F|  |TAMS 0x00000000c2300000, 0x00000000c2300000| Untracked 
|  18|0x00000000c2400000, 0x00000000c2400000, 0x00000000c2500000|  0%| F|  |TAMS 0x00000000c2400000, 0x00000000c2400000| Untracked 
|  19|0x00000000c2500000, 0x00000000c2500000, 0x00000000c2600000|  0%| F|  |TAMS 0x00000000c2500000, 0x00000000c2500000| Untracked 
|  20|0x00000000c2600000, 0x00000000c2600000, 0x00000000c2700000|  0%| F|  |TAMS 0x00000000c2600000, 0x00000000c2600000| Untracked 
|  21|0x00000000c2700000, 0x00000000c2700000, 0x00000000c2800000|  0%| F|  |TAMS 0x00000000c2700000, 0x00000000c2700000| Untracked 
|  22|0x00000000c2800000, 0x00000000c2800000, 0x00000000c2900000|  0%| F|  |TAMS 0x00000000c2800000, 0x00000000c2800000| Untracked 
|  23|0x00000000c2900000, 0x00000000c2900000, 0x00000000c2a00000|  0%| F|  |TAMS 0x00000000c2900000, 0x00000000c2900000| Untracked 
|  24|0x00000000c2a00000, 0x00000000c2a00000, 0x00000000c2b00000|  0%| F|  |TAMS 0x00000000c2a00000, 0x00000000c2a00000| Untracked 
|  25|0x00000000c2b00000, 0x00000000c2b00000, 0x00000000c2c00000|  0%| F|  |TAMS 0x00000000c2b00000, 0x00000000c2b00000| Untracked 
|  26|0x00000000c2c00000, 0x00000000c2c00000, 0x00000000c2d00000|  0%| F|  |TAMS 0x00000000c2c00000, 0x00000000c2c00000| Untracked 
|  27|0x00000000c2d00000, 0x00000000c2d00000, 0x00000000c2e00000|  0%| F|  |TAMS 0x00000000c2d00000, 0x00000000c2d00000| Untracked 
|  28|0x00000000c2e00000, 0x00000000c2e00000, 0x00000000c2f00000|  0%| F|  |TAMS 0x00000000c2e00000, 0x00000000c2e00000| Untracked 
|  29|0x00000000c2f00000, 0x00000000c2f00000, 0x00000000c3000000|  0%| F|  |TAMS 0x00000000c2f00000, 0x00000000c2f00000| Untracked 
|  30|0x00000000c3000000, 0x00000000c3000000, 0x00000000c3100000|  0%| F|  |TAMS 0x00000000c3000000, 0x00000000c3000000| Untracked 
|  31|0x00000000c3100000, 0x00000000c3100000, 0x00000000c3200000|  0%| F|  |TAMS 0x00000000c3100000, 0x00000000c3100000| Untracked 
|  32|0x00000000c3200000, 0x00000000c3200000, 0x00000000c3300000|  0%| F|  |TAMS 0x00000000c3200000, 0x00000000c3200000| Untracked 
|  33|0x00000000c3300000, 0x00000000c3300000, 0x00000000c3400000|  0%| F|  |TAMS 0x00000000c3300000, 0x00000000c3300000| Untracked 
|  34|0x00000000c3400000, 0x00000000c3400000, 0x00000000c3500000|  0%| F|  |TAMS 0x00000000c3400000, 0x00000000c3400000| Untracked 
|  35|0x00000000c3500000, 0x00000000c3500000, 0x00000000c3600000|  0%| F|  |TAMS 0x00000000c3500000, 0x00000000c3500000| Untracked 
|  36|0x00000000c3600000, 0x00000000c3600000, 0x00000000c3700000|  0%| F|  |TAMS 0x00000000c3600000, 0x00000000c3600000| Untracked 
|  37|0x00000000c3700000, 0x00000000c3700000, 0x00000000c3800000|  0%| F|  |TAMS 0x00000000c3700000, 0x00000000c3700000| Untracked 
|  38|0x00000000c3800000, 0x00000000c3800000, 0x00000000c3900000|  0%| F|  |TAMS 0x00000000c3800000, 0x00000000c3800000| Untracked 
|  39|0x00000000c3900000, 0x00000000c3900000, 0x00000000c3a00000|  0%| F|  |TAMS 0x00000000c3900000, 0x00000000c3900000| Untracked 
|  40|0x00000000c3a00000, 0x00000000c3a00000, 0x00000000c3b00000|  0%| F|  |TAMS 0x00000000c3a00000, 0x00000000c3a00000| Untracked 
|  41|0x00000000c3b00000, 0x00000000c3b00000, 0x00000000c3c00000|  0%| F|  |TAMS 0x00000000c3b00000, 0x00000000c3b00000| Untracked 
|  42|0x00000000c3c00000, 0x00000000c3c00000, 0x00000000c3d00000|  0%| F|  |TAMS 0x00000000c3c00000, 0x00000000c3c00000| Untracked 
|  43|0x00000000c3d00000, 0x00000000c3d00000, 0x00000000c3e00000|  0%| F|  |TAMS 0x00000000c3d00000, 0x00000000c3d00000| Untracked 
|  44|0x00000000c3e00000, 0x00000000c3e00000, 0x00000000c3f00000|  0%| F|  |TAMS 0x00000000c3e00000, 0x00000000c3e00000| Untracked 
|  45|0x00000000c3f00000, 0x00000000c3f00000, 0x00000000c4000000|  0%| F|  |TAMS 0x00000000c3f00000, 0x00000000c3f00000| Untracked 
|  46|0x00000000c4000000, 0x00000000c4000000, 0x00000000c4100000|  0%| F|  |TAMS 0x00000000c4000000, 0x00000000c4000000| Untracked 
|  47|0x00000000c4100000, 0x00000000c4100000, 0x00000000c4200000|  0%| F|  |TAMS 0x00000000c4100000, 0x00000000c4100000| Untracked 
|  48|0x00000000c4200000, 0x00000000c4200000, 0x00000000c4300000|  0%| F|  |TAMS 0x00000000c4200000, 0x00000000c4200000| Untracked 
|  49|0x00000000c4300000, 0x00000000c4300000, 0x00000000c4400000|  0%| F|  |TAMS 0x00000000c4300000, 0x00000000c4300000| Untracked 
|  50|0x00000000c4400000, 0x00000000c4400000, 0x00000000c4500000|  0%| F|  |TAMS 0x00000000c4400000, 0x00000000c4400000| Untracked 
|  51|0x00000000c4500000, 0x00000000c4500000, 0x00000000c4600000|  0%| F|  |TAMS 0x00000000c4500000, 0x00000000c4500000| Untracked 
|  52|0x00000000c4600000, 0x00000000c4600000, 0x00000000c4700000|  0%| F|  |TAMS 0x00000000c4600000, 0x00000000c4600000| Untracked 
|  53|0x00000000c4700000, 0x00000000c4700000, 0x00000000c4800000|  0%| F|  |TAMS 0x00000000c4700000, 0x00000000c4700000| Untracked 
|  54|0x00000000c4800000, 0x00000000c4800000, 0x00000000c4900000|  0%| F|  |TAMS 0x00000000c4800000, 0x00000000c4800000| Untracked 
|  55|0x00000000c4900000, 0x00000000c4900000, 0x00000000c4a00000|  0%| F|  |TAMS 0x00000000c4900000, 0x00000000c4900000| Untracked 
|  56|0x00000000c4a00000, 0x00000000c4a00000, 0x00000000c4b00000|  0%| F|  |TAMS 0x00000000c4a00000, 0x00000000c4a00000| Untracked 
|  57|0x00000000c4b00000, 0x00000000c4b00000, 0x00000000c4c00000|  0%| F|  |TAMS 0x00000000c4b00000, 0x00000000c4b00000| Untracked 
|  58|0x00000000c4c00000, 0x00000000c4c00000, 0x00000000c4d00000|  0%| F|  |TAMS 0x00000000c4c00000, 0x00000000c4c00000| Untracked 
|  59|0x00000000c4d00000, 0x00000000c4d00000, 0x00000000c4e00000|  0%| F|  |TAMS 0x00000000c4d00000, 0x00000000c4d00000| Untracked 
|  60|0x00000000c4e00000, 0x00000000c4e00000, 0x00000000c4f00000|  0%| F|  |TAMS 0x00000000c4e00000, 0x00000000c4e00000| Untracked 
|  61|0x00000000c4f00000, 0x00000000c4f00000, 0x00000000c5000000|  0%| F|  |TAMS 0x00000000c4f00000, 0x00000000c4f00000| Untracked 
|  62|0x00000000c5000000, 0x00000000c5000000, 0x00000000c5100000|  0%| F|  |TAMS 0x00000000c5000000, 0x00000000c5000000| Untracked 
|  63|0x00000000c5100000, 0x00000000c5147af0, 0x00000000c5200000| 28%| E|  |TAMS 0x00000000c5100000, 0x00000000c5100000| Complete 

Card table byte_map: [0x00000123616d0000,0x00000123618d0000] _byte_map_base: 0x00000123610c7000

Marking Bits (Prev, Next): (CMBitMap*) 0x000001234a0f9d98, (CMBitMap*) 0x000001234a0f9dd8
 Prev Bits: [0x0000012361ad0000, 0x0000012362a88000)
 Next Bits: [0x0000012362a90000, 0x0000012363a48000)

Polling page: 0x00000123480a0000

Metaspace:

Usage:
  Non-class:     16.00 KB capacity,    12.75 KB ( 80%) used,     3.00 KB ( 19%) free+waste,   256 bytes (  2%) overhead. 
      Class:      4.00 KB capacity,     2.44 KB ( 61%) used,     1.44 KB ( 36%) free+waste,   128 bytes (  3%) overhead. 
       Both:     20.00 KB capacity,    15.19 KB ( 76%) used,     4.44 KB ( 22%) free+waste,   384 bytes (  2%) overhead. 

Virtual space:
  Non-class space:       12.00 MB reserved,     256.00 KB (  2%) committed 
      Class space:        1.00 GB reserved,     128.00 KB ( <1%) committed 
             Both:        1.01 GB reserved,     384.00 KB ( <1%) committed 

Chunk freelists:
   Non-Class:  0 bytes
       Class:  0 bytes
        Both:  0 bytes

CodeHeap 'non-profiled nmethods': size=120064Kb used=0Kb max_used=0Kb free=120064Kb
 bounds [0x0000012359f90000, 0x000001235a200000, 0x00000123614d0000]
CodeHeap 'profiled nmethods': size=120000Kb used=0Kb max_used=0Kb free=120000Kb
 bounds [0x0000012352a60000, 0x0000012352cd0000, 0x0000012359f90000]
CodeHeap 'non-nmethods': size=5696Kb used=378Kb max_used=378Kb free=5317Kb
 bounds [0x00000123524d0000, 0x0000012352740000, 0x0000012352a60000]
 total_blobs=168 nmethods=0 adapters=126
 compilation: enabled
              stopped_count=0, restarted_count=0
 full_count=0

Compilation events (0 events):
No events

GC Heap History (0 events):
No events

Deoptimization events (0 events):
No events

Classes redefined (0 events):
No events

Internal exceptions (0 events):
No events

Events (3 events):
Event: 0.037 Thread 0x000001234a0cd000 Thread added: 0x000001234a0cd000
Event: 0.044 Thread 0x0000012365ee7000 Thread added: 0x0000012365ee7000
Event: 0.044 Thread 0x0000012365eea000 Thread added: 0x0000012365eea000


Dynamic libraries:
0x00007ff68a0c0000 - 0x00007ff68a0cf000 	C:\Program Files\Java\jdk-12.0.2\bin\javaw.exe
0x00007ffb12f40000 - 0x00007ffb1312d000 	C:\WINDOWS\SYSTEM32\ntdll.dll
0x00007ffb10a30000 - 0x00007ffb10ae3000 	C:\WINDOWS\System32\KERNEL32.DLL
0x00007ffb0f2b0000 - 0x00007ffb0f545000 	C:\WINDOWS\System32\KERNELBASE.dll
0x00007ffb0f1b0000 - 0x00007ffb0f2aa000 	C:\WINDOWS\System32\ucrtbase.dll
0x00007ffb035c0000 - 0x00007ffb035d6000 	C:\Program Files\Java\jdk-12.0.2\bin\VCRUNTIME140.dll
0x00007ffb010e0000 - 0x00007ffb010f8000 	C:\Program Files\Java\jdk-12.0.2\bin\jli.dll
0x00007ffb11750000 - 0x00007ffb117f3000 	C:\WINDOWS\System32\ADVAPI32.dll
0x00007ffb11460000 - 0x00007ffb114fe000 	C:\WINDOWS\System32\msvcrt.dll
0x00007ffb11250000 - 0x00007ffb112ee000 	C:\WINDOWS\System32\sechost.dll
0x00007ffb11500000 - 0x00007ffb11622000 	C:\WINDOWS\System32\RPCRT4.dll
0x00007ffb11800000 - 0x00007ffb11997000 	C:\WINDOWS\System32\USER32.dll
0x00007ffb10140000 - 0x00007ffb10160000 	C:\WINDOWS\System32\win32u.dll
0x00007ffb116c0000 - 0x00007ffb116e9000 	C:\WINDOWS\System32\GDI32.dll
0x00007ffb0f5a0000 - 0x00007ffb0f739000 	C:\WINDOWS\System32\gdi32full.dll
0x00007ffb04e00000 - 0x00007ffb05079000 	C:\WINDOWS\WinSxS\amd64_microsoft.windows.common-controls_6595b64144ccf1df_6.0.17763.1217_none_de6e4304534e0ad3\COMCTL32.dll
0x00007ffb0f740000 - 0x00007ffb0f7e0000 	C:\WINDOWS\System32\msvcp_win.dll
0x00007ffb10de0000 - 0x00007ffb1110c000 	C:\WINDOWS\System32\combase.dll
0x00007ffb0f130000 - 0x00007ffb0f1ae000 	C:\WINDOWS\System32\bcryptPrimitives.dll
0x00007ffb08080000 - 0x00007ffb0808a000 	C:\WINDOWS\SYSTEM32\VERSION.dll
0x00007ffb11630000 - 0x00007ffb1165e000 	C:\WINDOWS\System32\IMM32.DLL
0x00007ffaf1800000 - 0x00007ffaf18aa000 	C:\Program Files\Java\jdk-12.0.2\bin\msvcp140.dll
0x00007ffaca2b0000 - 0x00007ffacae27000 	C:\Program Files\Java\jdk-12.0.2\bin\server\jvm.dll
0x00007ffb109a0000 - 0x00007ffb109a8000 	C:\WINDOWS\System32\PSAPI.DLL
0x00007ffb0bbc0000 - 0x00007ffb0bbe4000 	C:\WINDOWS\SYSTEM32\WINMM.dll
0x00007ffb07e20000 - 0x00007ffb07e29000 	C:\WINDOWS\SYSTEM32\WSOCK32.dll
0x00007ffb10160000 - 0x00007ffb101cd000 	C:\WINDOWS\System32\WS2_32.dll
0x00007ffb0bb90000 - 0x00007ffb0bbbd000 	C:\WINDOWS\SYSTEM32\WINMMBASE.dll
0x00007ffb0f550000 - 0x00007ffb0f59a000 	C:\WINDOWS\System32\cfgmgr32.dll
0x00007ffb0ef30000 - 0x00007ffb0ef41000 	C:\WINDOWS\System32\kernel.appcore.dll
0x00007ffafb5d0000 - 0x00007ffafb5e1000 	C:\Program Files\Java\jdk-12.0.2\bin\verify.dll
0x00007ffafe1d0000 - 0x00007ffafe3bd000 	C:\WINDOWS\SYSTEM32\DBGHELP.DLL
0x00007ffafd7a0000 - 0x00007ffafd7ca000 	C:\WINDOWS\SYSTEM32\dbgcore.DLL
0x00007ffaf2fb0000 - 0x00007ffaf2fd6000 	C:\Program Files\Java\jdk-12.0.2\bin\java.dll
0x00007ffaf8ad0000 - 0x00007ffaf8ae7000 	C:\Program Files\Java\jdk-12.0.2\bin\zip.dll
0x00007ffb05fb0000 - 0x00007ffb05fba000 	C:\Program Files\Java\jdk-12.0.2\bin\jimage.dll

dbghelp: loaded successfully - version: 4.0.5 - missing functions: none
symbol engine: initialized successfully - sym options: 0x614 - pdb path: .;C:\Program Files\Java\jdk-12.0.2\bin;C:\WINDOWS\SYSTEM32;C:\WINDOWS\WinSxS\amd64_microsoft.windows.common-controls_6595b64144ccf1df_6.0.17763.1217_none_de6e4304534e0ad3;C:\Program Files\Java\jdk-12.0.2\bin\server

VM Arguments:
jvm_args: -Dfile.encoding=Cp1252 --module-path=C:\Users\krishann\OneDrive\Masters\Assaignment\11. ComparativeProgramming\Assesment 02\Platypus-Java\Assesment-02\bin;C:\Users\krishann\OneDrive\Masters\Assaignment\11. ComparativeProgramming\Assesment 02\Platypus-Java\.metadata\.plugins\java-json.jar -Djdk.module.main=platypusRestuarentModule 
java_command: platypusRestuarentModule/restuarentPlatypus.PlatypusTerminal
java_class_path (initial): <not set>
Launcher Type: SUN_STANDARD

[Global flags]
     intx CICompilerCount                          = 3                                         {product} {ergonomic}
     uint ConcGCThreads                            = 1                                         {product} {ergonomic}
     uint G1ConcRefinementThreads                  = 4                                         {product} {ergonomic}
   size_t G1HeapRegionSize                         = 1048576                                   {product} {ergonomic}
    uintx GCDrainStackTargetSize                   = 64                                        {product} {ergonomic}
   size_t InitialHeapSize                          = 67108864                                  {product} {ergonomic}
   size_t MarkStackSize                            = 4194304                                   {product} {ergonomic}
   size_t MaxHeapSize                              = 1054867456                                {product} {ergonomic}
   size_t MaxNewSize                               = 632291328                                 {product} {ergonomic}
   size_t MinHeapDeltaBytes                        = 1048576                                   {product} {ergonomic}
    uintx NonNMethodCodeHeapSize                   = 5830732                                {pd product} {ergonomic}
    uintx NonProfiledCodeHeapSize                  = 122913754                              {pd product} {ergonomic}
    uintx ProfiledCodeHeapSize                     = 122913754                              {pd product} {ergonomic}
    uintx ReservedCodeCacheSize                    = 251658240                              {pd product} {ergonomic}
     bool SegmentedCodeCache                       = true                                      {product} {ergonomic}
     bool UseCompressedClassPointers               = true                                 {lp64_product} {ergonomic}
     bool UseCompressedOops                        = true                                 {lp64_product} {ergonomic}
     bool UseG1GC                                  = true                                      {product} {ergonomic}
     bool UseLargePagesIndividualAllocation        = false                                  {pd product} {ergonomic}

Logging:
Log output configuration:
 #0: stdout all=warning uptime,level,tags
 #1: stderr all=off uptime,level,tags

Environment Variables:
PATH=C:/Program Files/Java/jdk-12.0.2/bin/server;C:/Program Files/Java/jdk-12.0.2/bin;C:\WINDOWS\system32;C:\WINDOWS;C:\WINDOWS\System32\Wbem;C:\WINDOWS\System32\WindowsPowerShell\v1.0\;C:\WINDOWS\System32\OpenSSH\;C:\Program Files\PuTTY\;C:\Program Files\Git\cmd;C:\Users\krishann\AppData\Local\Microsoft\WindowsApps;C:\Users\krishann\AppData\Local\Google\Cloud SDK\google-cloud-sdk\bin;C:\Users\krishann\Desktop;
USERNAME=krishann
OS=Windows_NT
PROCESSOR_IDENTIFIER=Intel64 Family 6 Model 37 Stepping 5, GenuineIntel



---------------  S Y S T E M  ---------------

OS: Windows 10 , 64 bit Build 17763 (10.0.17763.1158)

CPU:total 4 (initial active 4) (2 cores per cpu, 2 threads per core) family 6 model 37 stepping 5, cmov, cx8, fxsr, mmx, sse, sse2, sse3, ssse3, sse4.1, sse4.2, popcnt, aes, clmul, ht, tsc, tscinvbit

Memory: 4k page, system-wide physical 4021M (623M free)
TotalPageFile size 16309M (AvailPageFile size 4M)
current process WorkingSet (physical memory assigned to process): 16M, peak: 16M
current process commit charge ("private bytes"): 125M, peak: 128M

vm_info: Java HotSpot(TM) 64-Bit Server VM (12.0.2+10) for windows-amd64 JRE (12.0.2+10), built on Jul 16 2019 01:56:17 by "mach5one" with MS VC++ 15.5 (VS2017)

END.
